This is pdfTeX, Version 3.14159265-2.6-1.40.21 (MiKTeX 20.6.29) (preloaded format=pdftex 2020.9.27)  27 SEP 2020 20:25
entering extended mode
**./s.tex
(s.tex
! Undefined control sequence.
l.1 \documentclass
                  {article}
? s
OK, entering \scrollmode...
! Undefined control sequence.
l.2 \usepackage
               [utf8]{inputenc}
The control sequence at the end of the top line
of your error message was never \def'ed. If you have
misspelled it (e.g., `\hobx'), type `I' and the correct
spelling (e.g., `I\hbox'). Otherwise just continue,
and I'll forget about whatever was undefined.

! Undefined control sequence.
l.4 \title
          {–ò–º–ø–ª–µ–º–µ–Ω—Ç–∞—Ü–∏—è –•–∞—Ñ—Ñ–º–∞–Ω–∞}
The control sequence at the end of the top line
of your error message was never \def'ed. If you have
misspelled it (e.g., `\hobx'), type `I' and the correct
spelling (e.g., `I\hbox'). Otherwise just continue,
and I'll forget about whatever was undefined.

Missing character: There is no – in font cmr10!
Missing character: There is no ò in font cmr10!
Missing character: There is no – in font cmr10!
Missing character: There is no º in font cmr10!
Missing character: There is no – in font cmr10!
Missing character: There is no ø in font cmr10!
Missing character: There is no – in font cmr10!
Missing character: There is no ª in font cmr10!
Missing character: There is no – in font cmr10!
Missing character: There is no µ in font cmr10!
Missing character: There is no – in font cmr10!
Missing character: There is no º in font cmr10!
Missing character: There is no – in font cmr10!
Missing character: There is no µ in font cmr10!
Missing character: There is no – in font cmr10!
Missing character: There is no Ω in font cmr10!
Missing character: There is no — in font cmr10!
Missing character: There is no Ç in font cmr10!
Missing character: There is no – in font cmr10!
Missing character: There is no ∞ in font cmr10!
Missing character: There is no — in font cmr10!
Missing character: There is no Ü in font cmr10!
Missing character: There is no – in font cmr10!
Missing character: There is no ∏ in font cmr10!
Missing character: There is no — in font cmr10!
Missing character: There is no è in font cmr10!
Missing character: There is no – in font cmr10!
Missing character: There is no • in font cmr10!
Missing character: There is no – in font cmr10!
Missing character: There is no ∞ in font cmr10!
Missing character: There is no — in font cmr10!
Missing character: There is no Ñ in font cmr10!
Missing character: There is no — in font cmr10!
Missing character: There is no Ñ in font cmr10!
Missing character: There is no – in font cmr10!
Missing character: There is no º in font cmr10!
Missing character: There is no – in font cmr10!
Missing character: There is no ∞ in font cmr10!
Missing character: There is no – in font cmr10!
Missing character: There is no Ω in font cmr10!
Missing character: There is no – in font cmr10!
Missing character: There is no ∞ in font cmr10!
! Undefined control sequence.
l.5 \author
           {nikolai.massine }
The control sequence at the end of the top line
of your error message was never \def'ed. If you have
misspelled it (e.g., `\hobx'), type `I' and the correct
spelling (e.g., `I\hbox'). Otherwise just continue,
and I'll forget about whatever was undefined.

! Undefined control sequence.
l.6 \date
         {September 2020}
The control sequence at the end of the top line
of your error message was never \def'ed. If you have
misspelled it (e.g., `\hobx'), type `I' and the correct
spelling (e.g., `I\hbox'). Otherwise just continue,
and I'll forget about whatever was undefined.

! Undefined control sequence.
l.8 \begin
          {document}
The control sequence at the end of the top line
of your error message was never \def'ed. If you have
misspelled it (e.g., `\hobx'), type `I' and the correct
spelling (e.g., `I\hbox'). Otherwise just continue,
and I'll forget about whatever was undefined.

! Undefined control sequence.
l.10 \maketitle
               
The control sequence at the end of the top line
of your error message was never \def'ed. If you